<?xml version="1.0" encoding="UTF-8"?>
<!-- Generated by org.testng.reporters.JUnitXMLReporter -->
<testsuite ignored="0" hostname="DESKTOP-T0OMVLN" failures="1" tests="1" name="Test 3" time="34.819" errors="0" timestamp="2020-12-26T15:01:12 GMT">
  <testcase classname="Academy.validateTitle" name="basePageNavigation" time="0.036">
    <failure type="java.lang.AssertionError" message="expected [FEATURED COURSES 1 2 3] but found [FEATURED COURSES]">
      <![CDATA[java.lang.AssertionError: expected [FEATURED COURSES 1 2 3] but found [FEATURED COURSES]
at Academy.validateTitle.basePageNavigation(validateTitle.java:35)
at java.base/java.util.ArrayList.forEach(ArrayList.java:1540)
at java.base/java.util.concurrent.FutureTask.run(FutureTask.java:264)
at java.base/java.util.concurrent.ThreadPoolExecutor.runWorker(ThreadPoolExecutor.java:1128)
at java.base/java.util.concurrent.ThreadPoolExecutor$Worker.run(ThreadPoolExecutor.java:628)
at java.base/java.lang.Thread.run(Thread.java:835)
... Removed 24 stack frames]]>
    </failure>
  </testcase> <!-- basePageNavigation -->
</testsuite> <!-- Test 3 -->
